#
# There is insufficient memory for the Java Runtime Environment to continue.
# Native memory allocation (mmap) failed to map 268435456 bytes for Failed to commit area from 0x0000000701000000 to 0x0000000711000000 of length 268435456.
# Possible reasons:
#   The system is out of physical RAM or swap space
#   The process is running with CompressedOops enabled, and the Java Heap may be blocking the growth of the native heap
# Possible solutions:
#   Reduce memory load on the system
#   Increase physical memory or swap space
#   Check if swap backing store is full
#   Decrease Java heap size (-Xmx/-Xms)
#   Decrease number of Java threads
#   Decrease Java thread stack sizes (-Xss)
#   Set larger code cache with -XX:ReservedCodeCacheSize=
# This output file may be truncated or incomplete.
#
#  Out of Memory Error (t:/workspace/open/src/hotspot/os/windows/os_windows.cpp:3301), pid=15448, tid=1616
#
# JRE version:  (13.0.2+8) (build )
# Java VM: Java HotSpot(TM) 64-Bit Server VM (13.0.2+8, mixed mode, aot, sharing, tiered, compressed oops, g1 gc, windows-amd64)
# No core dump will be written. Minidumps are not enabled by default on client versions of Windows
#

---------------  S U M M A R Y ------------

Command Line: -ea -Dfile.encoding=Cp1252 org.eclipse.jdt.internal.junit.runner.RemoteTestRunner -version 3 -port 60531 -testLoaderClass org.eclipse.jdt.internal.junit5.runner.JUnit5TestLoader -loaderpluginname org.eclipse.jdt.junit5.runtime -classNames dbadapter.DBFacadeTest

Host: AMD Ryzen 5 2600 Six-Core Processor            , 12 cores, 15G,  Windows 10 , 64 bit Build 19041 (10.0.19041.1466)
Time: Sat Jan 22 19:16:59 2022 W. Europe Standard Time elapsed time: 0 seconds (0d 0h 0m 0s)

---------------  T H R E A D  ---------------

Current thread (0x000001e569082000):  JavaThread "Unknown thread" [_thread_in_vm, id=1616, stack(0x00000004da800000,0x00000004da900000)]

Stack: [0x00000004da800000,0x00000004da900000]
Native frames: (J=compiled Java code, j=interpreted, Vv=VM code, C=native code)
V  [jvm.dll+0x624f9a]
V  [jvm.dll+0x770cfa]
V  [jvm.dll+0x7724af]
V  [jvm.dll+0x772ab3]
V  [jvm.dll+0x24bf08]
V  [jvm.dll+0x6222aa]
V  [jvm.dll+0x6170b5]
V  [jvm.dll+0x30a88c]
V  [jvm.dll+0x30a6c2]
V  [jvm.dll+0x30fe36]
V  [jvm.dll+0x353f46]
V  [jvm.dll+0x353720]
V  [jvm.dll+0x2e550a]
V  [jvm.dll+0x2e67a2]
V  [jvm.dll+0x74dd78]
V  [jvm.dll+0x361989]
V  [jvm.dll+0x730e65]
V  [jvm.dll+0x3cc53f]
V  [jvm.dll+0x3ce861]
C  [jli.dll+0x51ff]
C  [ucrtbase.dll+0x21bb2]
C  [KERNEL32.DLL+0x17034]
C  [ntdll.dll+0x52651]


---------------  P R O C E S S  ---------------

Threads class SMR info:
_java_thread_list=0x00007fffcf23ccb8, length=0, elements={
}

Java Threads: ( => current thread )

Other Threads:
  0x000001e5690ed000 GCTaskThread "GC Thread#0" [stack: 0x00000004da900000,0x00000004daa00000] [id=1480]
  0x000001e569112000 ConcurrentGCThread "G1 Main Marker" [stack: 0x00000004daa00000,0x00000004dab00000] [id=2536]
  0x000001e569113800 ConcurrentGCThread "G1 Conc#0" [stack: 0x00000004dab00000,0x00000004dac00000] [id=17772]

[error occurred during error reporting (printing all threads), id 0xc0000005, EXCEPTION_ACCESS_VIOLATION (0xc0000005) at pc=0x00007fffcea751d7]

VM state:not at safepoint (not fully initialized)

VM Mutex/Monitor currently owned by a thread:  ([mutex/lock_event])
[0x000001e56907f3c0] Heap_lock - owner thread: 0x000001e569082000

Heap address: 0x0000000701000000, size: 4080 MB, Compressed Oops mode: Non-zero based: 0x0000000701000000
Narrow klass base: 0x0000000000000000, Narrow klass shift: 0

GC Heap History (0 events):
No events

Deoptimization events (0 events):
No events

Classes unloaded (0 events):
No events

Classes redefined (0 events):
No events

Internal exceptions (0 events):
No events

Events (8 events):
Event: 0.007 Loaded shared library C:\Program Files\Java\jdk-13.0.2\bin\zip.dll
Event: 0.008 Loaded shared library C:\Program Files\Java\jdk-13.0.2\bin\jimage.dll
Event: 0.009 Loading shared library C:\Program Files\Java\jdk-13.0.2\lib\libjava.base-coop.dll failed, error code 126
Event: 0.009 Loading shared library C:\Program Files\Java\jdk-13.0.2\lib\libjava.logging-coop.dll failed, error code 126
Event: 0.009 Loading shared library C:\Program Files\Java\jdk-13.0.2\lib\libjdk.compiler-coop.dll failed, error code 126
Event: 0.010 Loading shared library C:\Program Files\Java\jdk-13.0.2\lib\libjdk.scripting.nashorn-coop.dll failed, error code 126
Event: 0.010 Loading shared library C:\Program Files\Java\jdk-13.0.2\lib\libjdk.internal.vm.ci-coop.dll failed, error code 126
Event: 0.010 Loading shared library C:\Program Files\Java\jdk-13.0.2\lib\libjdk.internal.vm.compiler-coop.dll failed, error code 126


Dynamic libraries:
0x00007ff6361a0000 - 0x00007ff6361af000 	C:\Program Files\Java\jdk-13.0.2\bin\javaw.exe
0x00007ff82e8b0000 - 0x00007ff82eaa5000 	C:\WINDOWS\SYSTEM32\ntdll.dll
0x00007ff82dac0000 - 0x00007ff82db7e000 	C:\WINDOWS\System32\KERNEL32.DLL
0x00007ff82c380000 - 0x00007ff82c648000 	C:\WINDOWS\System32\KERNELBASE.dll
0x00007ff82c280000 - 0x00007ff82c380000 	C:\WINDOWS\System32\ucrtbase.dll
0x00007ff814a30000 - 0x00007ff814a45000 	C:\Program Files\Java\jdk-13.0.2\bin\VCRUNTIME140.dll
0x00007ff8212e0000 - 0x00007ff8212f8000 	C:\Program Files\Java\jdk-13.0.2\bin\jli.dll
0x00007ff82da10000 - 0x00007ff82dabe000 	C:\WINDOWS\System32\ADVAPI32.dll
0x00007ff82db80000 - 0x00007ff82dc1e000 	C:\WINDOWS\System32\msvcrt.dll
0x00007ff82e7d0000 - 0x00007ff82e86c000 	C:\WINDOWS\System32\sechost.dll
0x00007ff82de00000 - 0x00007ff82df25000 	C:\WINDOWS\System32\RPCRT4.dll
0x00007ff8141a0000 - 0x00007ff81443a000 	C:\WINDOWS\WinSxS\amd64_microsoft.windows.common-controls_6595b64144ccf1df_6.0.19041.1110_none_60b5254171f9507e\COMCTL32.dll
0x00007ff82d7d0000 - 0x00007ff82d971000 	C:\WINDOWS\System32\USER32.dll
0x00007ff82dc20000 - 0x00007ff82dc4b000 	C:\WINDOWS\System32\GDI32.dll
0x00007ff82c6a0000 - 0x00007ff82c6c2000 	C:\WINDOWS\System32\win32u.dll
0x00007ff82c7e0000 - 0x00007ff82c8ed000 	C:\WINDOWS\System32\gdi32full.dll
0x00007ff821d90000 - 0x00007ff821d9a000 	C:\WINDOWS\SYSTEM32\VERSION.dll
0x00007ff82bff0000 - 0x00007ff82c08d000 	C:\WINDOWS\System32\msvcp_win.dll
0x00007ff82d3a0000 - 0x00007ff82d3d0000 	C:\WINDOWS\System32\IMM32.DLL
0x00007ff80ab00000 - 0x00007ff80ab9b000 	C:\Program Files\Java\jdk-13.0.2\bin\msvcp140.dll
0x00007fffce780000 - 0x00007fffcf2dd000 	C:\Program Files\Java\jdk-13.0.2\bin\server\jvm.dll
0x00007ff82d430000 - 0x00007ff82d438000 	C:\WINDOWS\System32\PSAPI.DLL
0x00007ff821b20000 - 0x00007ff821b47000 	C:\WINDOWS\SYSTEM32\WINMM.dll
0x00007ff829500000 - 0x00007ff829509000 	C:\WINDOWS\SYSTEM32\WSOCK32.dll
0x00007ff82df30000 - 0x00007ff82df9b000 	C:\WINDOWS\System32\WS2_32.dll
0x00007ff829ed0000 - 0x00007ff829ee2000 	C:\WINDOWS\SYSTEM32\kernel.appcore.dll
0x00007ff827980000 - 0x00007ff827990000 	C:\Program Files\Java\jdk-13.0.2\bin\verify.dll
0x00007ff823670000 - 0x00007ff823854000 	C:\WINDOWS\SYSTEM32\DBGHELP.DLL
0x00007ff818090000 - 0x00007ff8180bc000 	C:\WINDOWS\SYSTEM32\dbgcore.DLL
0x00007ff82c1f0000 - 0x00007ff82c272000 	C:\WINDOWS\System32\bcryptPrimitives.dll
0x00007ff8272a0000 - 0x00007ff8272c6000 	C:\Program Files\Java\jdk-13.0.2\bin\java.dll
0x00007ff827280000 - 0x00007ff827297000 	C:\Program Files\Java\jdk-13.0.2\bin\zip.dll
0x00007ff827650000 - 0x00007ff82765a000 	C:\Program Files\Java\jdk-13.0.2\bin\jimage.dll

dbghelp: loaded successfully - version: 4.0.5 - missing functions: none
symbol engine: initialized successfully - sym options: 0x614 - pdb path: .;C:\Program Files\Java\jdk-13.0.2\bin;C:\WINDOWS\SYSTEM32;C:\WINDOWS\WinSxS\amd64_microsoft.windows.common-controls_6595b64144ccf1df_6.0.19041.1110_none_60b5254171f9507e;C:\Program Files\Java\jdk-13.0.2\bin\server

VM Arguments:
jvm_args: -ea -Dfile.encoding=Cp1252 
java_command: org.eclipse.jdt.internal.junit.runner.RemoteTestRunner -version 3 -port 60531 -testLoaderClass org.eclipse.jdt.internal.junit5.runner.JUnit5TestLoader -loaderpluginname org.eclipse.jdt.junit5.runtime -classNames dbadapter.DBFacadeTest
java_class_path (initial): C:\Users\BAZ\Documents\GitHub\MovieRating\VR\build\classes;C:\Users\BAZ\Documents\GitHub\MovieRating\VR\WebContent\WEB-INF\lib\freemarker.jar;C:\Users\BAZ\Documents\GitHub\MovieRating\VR\WebContent\WEB-INF\lib\mysql-connector-java-5.1.35-bin.jar;C:\Users\BAZ\Documents\GitHub\MovieRating\VR\WebContent\WEB-INF\lib\sqlite-jdbc-3.8.10.1.jar;C:\Users\BAZ\Documents\GitHub\MovieRating\VR\lib\commons-codec-1.9.jar;C:\Users\BAZ\Documents\GitHub\MovieRating\VR\lib\commons-collections-3.2.1.jar;C:\Users\BAZ\Documents\GitHub\MovieRating\VR\lib\commons-io-2.4.jar;C:\Users\BAZ\Documents\GitHub\MovieRating\VR\lib\commons-lang-2.6.jar;C:\Users\BAZ\Documents\GitHub\MovieRating\VR\lib\commons-lang3-3.2.1.jar;C:\Users\BAZ\Documents\GitHub\MovieRating\VR\lib\cssparser-0.9.13.jar;C:\Users\BAZ\Documents\GitHub\MovieRating\VR\lib\htmlunit-2.14.jar;C:\Users\BAZ\Documents\GitHub\MovieRating\VR\lib\htmlunit-core-js-2.14.jar;C:\Users\BAZ\Documents\GitHub\MovieRating\VR\lib\httpclient-4.3.2.jar;C:\Users\BAZ\Documents\GitHub\MovieRating\VR\lib\httpcore-4.3.1.jar;C:\Users\BAZ\Documents\GitHub\MovieRating\VR\lib\httpmime-4.3.2.jar;C:\Users\BAZ\Documents\GitHub\MovieRating\VR\lib\jcl-over-slf4j-1.6.6.jar;C:\Users\BAZ\Documents\GitHub\MovieRating\VR\lib\jetty-http-8.1.14.v20131031.jar;C:\Users\BAZ\Documents\GitHub\MovieRating\VR\lib\jetty-io-8.1.14.v20131031.jar;C:\Users\BAZ\Documents\GitHub\MovieRating\VR\lib\jetty-util-8.1.14.v20131031.jar;C:\Users\BAZ\Documents\GitHub\MovieRating\VR\lib\jetty-websocket-8.1.14.v20131031.jar;C:\Users\BAZ\Documents\GitHub\MovieRating\VR\lib\jwebunit-core-3.2 Kopie.jar;C:\Users\BAZ\Documents\GitHub\MovieRating\VR\lib\jwebunit-core-3.2.jar;C:\Users\BAZ\Documents\GitHub\MovieRating\VR\lib\jwebunit-htmlunit-plugin-3.2.jar;C:\Users\BAZ\Documents\GitHub\MovieRating\VR\lib\logback-classic-1.0.6.jar;C:\Users\BAZ\Documents\GitHub\MovieRating\VR\lib\logback-core-1.0.6.jar;C:\Users\BAZ\Documents\GitHub\MovieRating\VR\lib\mysql-connector-java-5.1.3
Launcher Type: SUN_STANDARD

[Global flags]
     intx CICompilerCount                          = 4                                         {product} {ergonomic}
     uint ConcGCThreads                            = 3                                         {product} {ergonomic}
     uint G1ConcRefinementThreads                  = 10                                        {product} {ergonomic}
   size_t G1HeapRegionSize                         = 1048576                                   {product} {ergonomic}
    uintx GCDrainStackTargetSize                   = 64                                        {product} {ergonomic}
   size_t InitialHeapSize                          = 268435456                                 {product} {ergonomic}
   size_t MarkStackSize                            = 4194304                                   {product} {ergonomic}
   size_t MaxHeapSize                              = 4278190080                                {product} {ergonomic}
   size_t MinHeapDeltaBytes                        = 1048576                                   {product} {ergonomic}
   size_t MinHeapSize                              = 8388608                                   {product} {ergonomic}
    uintx NonNMethodCodeHeapSize                   = 5839372                                {pd product} {ergonomic}
    uintx NonProfiledCodeHeapSize                  = 122909434                              {pd product} {ergonomic}
    uintx ProfiledCodeHeapSize                     = 122909434                              {pd product} {ergonomic}
    uintx ReservedCodeCacheSize                    = 251658240                              {pd product} {ergonomic}
     bool SegmentedCodeCache                       = true                                      {product} {ergonomic}
   size_t SoftMaxHeapSize                          = 4278190080                             {manageable} {ergonomic}
     bool UseCompressedClassPointers               = true                                 {lp64_product} {ergonomic}
     bool UseCompressedOops                        = true                                 {lp64_product} {ergonomic}
     bool UseG1GC                                  = true                                      {product} {ergonomic}
     bool UseLargePagesIndividualAllocation        = false                                  {pd product} {ergonomic}

Logging:
Log output configuration:
 #0: stdout all=warning uptime,level,tags
 #1: stderr all=off uptime,level,tags

Environment Variables:
PATH=C:/Program Files/Java/jdk-13.0.2/bin/server;C:/Program Files/Java/jdk-13.0.2/bin;C:\Program Files (x86)\Common Files\Oracle\Java\javapath;C:\Program Files (x86)\NVIDIA Corporation\PhysX\Common;C:\WINDOWS\system32;C:\WINDOWS;C:\WINDOWS\System32\Wbem;C:\WINDOWS\System32\WindowsPowerShell\v1.0\;C:\WINDOWS\System32\OpenSSH\;E:\MATLAB\bin;C:\Program Files\dotnet\;C:\Android;C:\Windows\System32;C:\Windows\System32\WindowsPowerShell\v1.0;C:\Program Files (x86)\FAHClient;C:\Program Files\Docker\Docker\resources\bin;C:\ProgramData\DockerDesktop\version-bin;C:\Program Files\Java\jdk-13.0.2\bin;C:\Program Files\MySQL\MySQL Shell 8.0\bin\;C:\Users\BAZ\AppData\Local\Programs\Python\Python38-32\Scripts\;C:\Users\BAZ\AppData\Local\Programs\Python\Python38-32\;C:\Users\BAZ\AppData\Local\Microsoft\WindowsApps;C:\Users\BAZ\AppData\Local\atom\bin;C:\Users\BAZ\AppData\Local\GitHubDesktop\bin;C:\Users\BAZ\AppData\Local\Microsoft\WindowsApps;C:\src\flutter\bin;C:\Users\BAZ\AppData\Local\Programs\Microsoft VS Code\bin;C:\WINDOWS\System32;
USERNAME=BAZ
OS=Windows_NT
PROCESSOR_IDENTIFIER=AMD64 Family 23 Model 8 Stepping 2, AuthenticAMD



---------------  S Y S T E M  ---------------

OS: Windows 10 , 64 bit Build 19041 (10.0.19041.1466)

CPU:total 12 (initial active 12) (12 cores per cpu, 2 threads per core) family 23 model 8 stepping 2, cmov, cx8, fxsr, mmx, sse, sse2, sse3, ssse3, sse4.1, sse4.2, popcnt, avx, avx2, aes, clmul, mmxext, 3dnowpref, lzcnt, sse4a, ht, tsc, tscinvbit, tscinv, bmi1, bmi2, adx, sha, fma

Memory: 4k page, system-wide physical 16315M (4920M free)
TotalPageFile size 65467M (AvailPageFile size 220M)
current process WorkingSet (physical memory assigned to process): 10M, peak: 10M
current process commit charge ("private bytes"): 65M, peak: 321M

vm_info: Java HotSpot(TM) 64-Bit Server VM (13.0.2+8) for windows-amd64 JRE (13.0.2+8), built on Dec 11 2019 09:20:33 by "mach5one" with unknown MS VC++:1916

END.
